# JRE version: Java(TM) SE Runtime Environment (21.0.2+13) (build 21.0.2+13-LTS-58)
# Java VM: Java HotSpot(TM) 64-Bit Server VM (21.0.2+13-LTS-58, mixed mode, emulated-client, sharing, tiered, compressed oops, compressed class ptrs, g1 gc, windows-amd64)
GC Precious Log:
 CardTable entry size: 512
 Card Set container configuration: InlinePtr #cards 4 size 8 Array Of Cards #cards 16 size 48 Howl #buckets 8 coarsen threshold 3686 Howl Bitmap #cards 512 size 80 coarsen threshold 460 Card regions per heap region 1 cards per card region 4096
 CPUs: 8 total, 8 available
 Memory: 16122M
 Large Page Support: Disabled
 NUMA Support: Disabled
 Compressed Oops: Enabled (Zero based)
 Heap Region Size: 2M
 Heap Min Capacity: 8M
 Heap Initial Capacity: 252M
 Heap Max Capacity: 4032M
 Pre-touch: Disabled
 Parallel Workers: 8
 Concurrent Workers: 2
 Concurrent Refinement Workers: 8
 Periodic GC: Disabled
Heap:
 garbage-first heap   total 307200K, used 171134K [0x0000000704000000, 0x0000000800000000)
  region size 2048K, 34 young (69632K), 4 survivors (8192K)
 Metaspace       used 93664K, committed 94784K, reserved 1179648K
  class space    used 12970K, committed 13504K, reserved 1048576K
GC Heap History (20 events):
Event: 1707.806 GC heap before
{Heap before GC invocations=176 (full 11):
 garbage-first heap   total 204800K, used 173608K [0x0000000704000000, 0x0000000800000000)
  region size 2048K, 60 young (122880K), 1 survivors (2048K)
 Metaspace       used 92403K, committed 94016K, reserved 1179648K
  class space    used 12787K, committed 13504K, reserved 1048576K
}
Event: 1707.807 GC heap after
{Heap after GC invocations=177 (full 11):
 garbage-first heap   total 204800K, used 52979K [0x0000000704000000, 0x0000000800000000)
  region size 2048K, 1 young (2048K), 1 survivors (2048K)
 Metaspace       used 92403K, committed 94016K, reserved 1179648K
  class space    used 12787K, committed 13504K, reserved 1048576K
}
Event: 1737.171 GC heap before
{Heap before GC invocations=178 (full 11):
 garbage-first heap   total 198656K, used 83699K [0x0000000704000000, 0x0000000800000000)
  region size 2048K, 17 young (34816K), 1 survivors (2048K)
 Metaspace       used 92410K, committed 94016K, reserved 1179648K
  class space    used 12789K, committed 13504K, reserved 1048576K
}
Event: 1737.234 GC heap after
{Heap after GC invocations=179 (full 12):
 garbage-first heap   total 157696K, used 40481K [0x0000000704000000, 0x0000000800000000)
  region size 2048K, 0 young (0K), 0 survivors (0K)
 Metaspace       used 92324K, committed 94016K, reserved 1179648K
  class space    used 12769K, committed 13504K, reserved 1048576K
}
Event: 1738.165 GC heap before
{Heap before GC invocations=179 (full 12):
 garbage-first heap   total 157696K, used 112161K [0x0000000704000000, 0x0000000800000000)
  region size 2048K, 36 young (73728K), 0 survivors (0K)
 Metaspace       used 92734K, committed 94016K, reserved 1179648K
  class space    used 12837K, committed 13504K, reserved 1048576K
}
Event: 1738.169 GC heap after
{Heap after GC invocations=180 (full 12):
 garbage-first heap   total 157696K, used 46623K [0x0000000704000000, 0x0000000800000000)
  region size 2048K, 3 young (6144K), 3 survivors (6144K)
 Metaspace       used 92734K, committed 94016K, reserved 1179648K
  class space    used 12837K, committed 13504K, reserved 1048576K
}
Event: 1738.849 GC heap before
{Heap before GC invocations=181 (full 12):
 garbage-first heap   total 157696K, used 120351K [0x0000000704000000, 0x0000000800000000)
  region size 2048K, 41 young (83968K), 3 survivors (6144K)
 Metaspace       used 92935K, committed 94080K, reserved 1179648K
  class space    used 12873K, committed 13504K, reserved 1048576K
}
Event: 1738.854 GC heap after
{Heap after GC invocations=182 (full 12):
 garbage-first heap   total 157696K, used 49144K [0x0000000704000000, 0x0000000800000000)
  region size 2048K, 5 young (10240K), 5 survivors (10240K)
 Metaspace       used 92935K, committed 94080K, reserved 1179648K
  class space    used 12873K, committed 13504K, reserved 1048576K
}
Event: 1739.501 GC heap before
{Heap before GC invocations=183 (full 12):
 garbage-first heap   total 157696K, used 126968K [0x0000000704000000, 0x0000000800000000)
  region size 2048K, 44 young (90112K), 5 survivors (10240K)
 Metaspace       used 93560K, committed 94656K, reserved 1179648K
  class space    used 12950K, committed 13504K, reserved 1048576K
}
Event: 1739.509 GC heap after
{Heap after GC invocations=184 (full 12):
 garbage-first heap   total 157696K, used 53858K [0x0000000704000000, 0x0000000800000000)
  region size 2048K, 4 young (8192K), 4 survivors (8192K)
 Metaspace       used 93560K, committed 94656K, reserved 1179648K
  class space    used 12950K, committed 13504K, reserved 1048576K
}
Event: 1739.718 GC heap before
{Heap before GC invocations=184 (full 12):
 garbage-first heap   total 157696K, used 129634K [0x0000000704000000, 0x0000000800000000)
  region size 2048K, 42 young (86016K), 4 survivors (8192K)
 Metaspace       used 93560K, committed 94656K, reserved 1179648K
  class space    used 12950K, committed 13504K, reserved 1048576K
}
Event: 1739.732 GC heap after
{Heap after GC invocations=185 (full 12):
 garbage-first heap   total 167936K, used 74037K [0x0000000704000000, 0x0000000800000000)
  region size 2048K, 6 young (12288K), 6 survivors (12288K)
 Metaspace       used 93560K, committed 94656K, reserved 1179648K
  class space    used 12950K, committed 13504K, reserved 1048576K
}
Event: 1739.918 GC heap before
{Heap before GC invocations=185 (full 12):
 garbage-first heap   total 167936K, used 135477K [0x0000000704000000, 0x0000000800000000)
  region size 2048K, 37 young (75776K), 6 survivors (12288K)
 Metaspace       used 93560K, committed 94656K, reserved 1179648K
  class space    used 12950K, committed 13504K, reserved 1048576K
}
Event: 1739.933 GC heap after
{Heap after GC invocations=186 (full 12):
 garbage-first heap   total 169984K, used 89214K [0x0000000704000000, 0x0000000800000000)
  region size 2048K, 5 young (10240K), 5 survivors (10240K)
 Metaspace       used 93560K, committed 94656K, reserved 1179648K
  class space    used 12950K, committed 13504K, reserved 1048576K
}
Event: 1740.161 GC heap before
{Heap before GC invocations=187 (full 12):
 garbage-first heap   total 182272K, used 138366K [0x0000000704000000, 0x0000000800000000)
  region size 2048K, 30 young (61440K), 5 survivors (10240K)
 Metaspace       used 93560K, committed 94656K, reserved 1179648K
  class space    used 12950K, committed 13504K, reserved 1048576K
}
Event: 1740.175 GC heap after
{Heap after GC invocations=188 (full 12):
 garbage-first heap   total 182272K, used 104236K [0x0000000704000000, 0x0000000800000000)
  region size 2048K, 4 young (8192K), 4 survivors (8192K)
 Metaspace       used 93560K, committed 94656K, reserved 1179648K
  class space    used 12950K, committed 13504K, reserved 1048576K
}
Event: 1740.263 GC heap before
{Heap before GC invocations=188 (full 12):
 garbage-first heap   total 182272K, used 147244K [0x0000000704000000, 0x0000000800000000)
  region size 2048K, 26 young (53248K), 4 survivors (8192K)
 Metaspace       used 93560K, committed 94656K, reserved 1179648K
  class space    used 12950K, committed 13504K, reserved 1048576K
}
Event: 1740.271 GC heap after
{Heap after GC invocations=189 (full 12):
 garbage-first heap   total 182272K, used 105598K [0x0000000704000000, 0x0000000800000000)
  region size 2048K, 4 young (8192K), 4 survivors (8192K)
 Metaspace       used 93560K, committed 94656K, reserved 1179648K
  class space    used 12950K, committed 13504K, reserved 1048576K
}
Event: 1740.544 GC heap before
{Heap before GC invocations=189 (full 12):
 garbage-first heap   total 182272K, used 146558K [0x0000000704000000, 0x0000000800000000)
  region size 2048K, 25 young (51200K), 4 survivors (8192K)
 Metaspace       used 93560K, committed 94656K, reserved 1179648K
  class space    used 12950K, committed 13504K, reserved 1048576K
}
Event: 1740.560 GC heap after
{Heap after GC invocations=190 (full 12):
 garbage-first heap   total 307200K, used 117886K [0x0000000704000000, 0x0000000800000000)
  region size 2048K, 4 young (8192K), 4 survivors (8192K)
 Metaspace       used 93560K, committed 94656K, reserved 1179648K
  class space    used 12950K, committed 13504K, reserved 1048576K
}

